# JRE version: OpenJDK Runtime Environment (22.0.2+9) (build 22.0.2+9-70)
# Java VM: OpenJDK 64-Bit Server VM (22.0.2+9-70, mixed mode, sharing, tiered, compressed oops, compressed class ptrs, g1 gc, windows-amd64)
GC Precious Log:
 CardTable entry size: 512
 Card Set container configuration: InlinePtr #cards 5 size 8 Array Of Cards #cards 12 size 40 Howl #buckets 4 coarsen threshold 1843 Howl Bitmap #cards 512 size 80 coarsen threshold 460 Card regions per heap region 1 cards per card region 2048
 CPUs: 4 total, 4 available
 Memory: 8076M
 Large Page Support: Disabled
 NUMA Support: Disabled
 Compressed Oops: Enabled (32-bit)
 Heap Region Size: 1M
 Heap Min Capacity: 256M
 Heap Initial Capacity: 256M
 Heap Max Capacity: 512M
 Pre-touch: Disabled
 Parallel Workers: 4
 Concurrent Workers: 1
 Concurrent Refinement Workers: 4
 Periodic GC: Disabled
Heap:
 garbage-first heap   total reserved 524288K, committed 262144K, used 70215K [0x00000000e0000000, 0x0000000100000000)
  region size 1024K, 16 young (16384K), 7 survivors (7168K)
 Metaspace       used 66158K, committed 68352K, reserved 393216K
  class space    used 9313K, committed 10432K, reserved 327680K
GC Heap History (20 events):
Event: 22.926 GC heap before
{Heap before GC invocations=6 (full 0):
 garbage-first heap   total reserved 524288K, committed 262144K, used 31613K [0x00000000e0000000, 0x0000000100000000)
  region size 1024K, 9 young (9216K), 8 survivors (8192K)
 Metaspace       used 35116K, committed 36416K, reserved 393216K
  class space    used 5224K, committed 5824K, reserved 327680K
}
Event: 22.932 GC heap after
{Heap after GC invocations=7 (full 0):
 garbage-first heap   total reserved 524288K, committed 262144K, used 31333K [0x00000000e0000000, 0x0000000100000000)
  region size 1024K, 7 young (7168K), 7 survivors (7168K)
 Metaspace       used 35116K, committed 36416K, reserved 393216K
  class space    used 5224K, committed 5824K, reserved 327680K
}
Event: 23.093 GC heap before
{Heap before GC invocations=7 (full 0):
 garbage-first heap   total reserved 524288K, committed 262144K, used 32357K [0x00000000e0000000, 0x0000000100000000)
  region size 1024K, 10 young (10240K), 7 survivors (7168K)
 Metaspace       used 35410K, committed 36736K, reserved 393216K
  class space    used 5255K, committed 5888K, reserved 327680K
}
Event: 23.105 GC heap after
{Heap after GC invocations=8 (full 0):
 garbage-first heap   total reserved 524288K, committed 262144K, used 32357K [0x00000000e0000000, 0x0000000100000000)
  region size 1024K, 8 young (8192K), 8 survivors (8192K)
 Metaspace       used 35410K, committed 36736K, reserved 393216K
  class space    used 5255K, committed 5888K, reserved 327680K
}
Event: 33.262 GC heap before
{Heap before GC invocations=9 (full 0):
 garbage-first heap   total reserved 524288K, committed 262144K, used 181861K [0x00000000e0000000, 0x0000000100000000)
  region size 1024K, 148 young (151552K), 8 survivors (8192K)
 Metaspace       used 48480K, committed 50240K, reserved 393216K
  class space    used 7093K, committed 7936K, reserved 327680K
}
Event: 33.275 GC heap after
{Heap after GC invocations=10 (full 0):
 garbage-first heap   total reserved 524288K, committed 262144K, used 40510K [0x00000000e0000000, 0x0000000100000000)
  region size 1024K, 16 young (16384K), 16 survivors (16384K)
 Metaspace       used 48480K, committed 50240K, reserved 393216K
  class space    used 7093K, committed 7936K, reserved 327680K
}
Event: 42.151 GC heap before
{Heap before GC invocations=10 (full 0):
 garbage-first heap   total reserved 524288K, committed 262144K, used 180798K [0x00000000e0000000, 0x0000000100000000)
  region size 1024K, 153 young (156672K), 16 survivors (16384K)
 Metaspace       used 57919K, committed 59904K, reserved 393216K
  class space    used 8449K, committed 9408K, reserved 327680K
}
Event: 42.172 GC heap after
{Heap after GC invocations=11 (full 0):
 garbage-first heap   total reserved 524288K, committed 262144K, used 48640K [0x00000000e0000000, 0x0000000100000000)
  region size 1024K, 19 young (19456K), 19 survivors (19456K)
 Metaspace       used 57919K, committed 59904K, reserved 393216K
  class space    used 8449K, committed 9408K, reserved 327680K
}
Event: 48.873 GC heap before
{Heap before GC invocations=11 (full 0):
 garbage-first heap   total reserved 524288K, committed 262144K, used 144896K [0x00000000e0000000, 0x0000000100000000)
  region size 1024K, 114 young (116736K), 19 survivors (19456K)
 Metaspace       used 59307K, committed 61376K, reserved 393216K
  class space    used 8538K, committed 9536K, reserved 327680K
}
Event: 48.900 GC heap after
{Heap after GC invocations=12 (full 0):
 garbage-first heap   total reserved 524288K, committed 262144K, used 53165K [0x00000000e0000000, 0x0000000100000000)
  region size 1024K, 14 young (14336K), 14 survivors (14336K)
 Metaspace       used 59307K, committed 61376K, reserved 393216K
  class space    used 8538K, committed 9536K, reserved 327680K
}
Event: 68.231 GC heap before
{Heap before GC invocations=13 (full 0):
 garbage-first heap   total reserved 524288K, committed 262144K, used 194477K [0x00000000e0000000, 0x0000000100000000)
  region size 1024K, 153 young (156672K), 14 survivors (14336K)
 Metaspace       used 62936K, committed 65152K, reserved 393216K
  class space    used 9101K, committed 10176K, reserved 327680K
}
Event: 68.254 GC heap after
{Heap after GC invocations=14 (full 0):
 garbage-first heap   total reserved 524288K, committed 262144K, used 65536K [0x00000000e0000000, 0x0000000100000000)
  region size 1024K, 16 young (16384K), 16 survivors (16384K)
 Metaspace       used 62936K, committed 65152K, reserved 393216K
  class space    used 9101K, committed 10176K, reserved 327680K
}
Event: 103.638 GC heap before
{Heap before GC invocations=14 (full 0):
 garbage-first heap   total reserved 524288K, committed 262144K, used 204800K [0x00000000e0000000, 0x0000000100000000)
  region size 1024K, 153 young (156672K), 16 survivors (16384K)
 Metaspace       used 65266K, committed 67456K, reserved 393216K
  class space    used 9293K, committed 10368K, reserved 327680K
}
Event: 103.662 GC heap after
{Heap after GC invocations=15 (full 0):
 garbage-first heap   total reserved 524288K, committed 262144K, used 65536K [0x00000000e0000000, 0x0000000100000000)
  region size 1024K, 10 young (10240K), 10 survivors (10240K)
 Metaspace       used 65266K, committed 67456K, reserved 393216K
  class space    used 9293K, committed 10368K, reserved 327680K
}
Event: 120.837 GC heap before
{Heap before GC invocations=15 (full 0):
 garbage-first heap   total reserved 524288K, committed 262144K, used 210944K [0x00000000e0000000, 0x0000000100000000)
  region size 1024K, 153 young (156672K), 10 survivors (10240K)
 Metaspace       used 65723K, committed 67904K, reserved 393216K
  class space    used 9303K, committed 10368K, reserved 327680K
}
Event: 120.853 GC heap after
{Heap after GC invocations=16 (full 0):
 garbage-first heap   total reserved 524288K, committed 262144K, used 66560K [0x00000000e0000000, 0x0000000100000000)
  region size 1024K, 11 young (11264K), 11 survivors (11264K)
 Metaspace       used 65723K, committed 67904K, reserved 393216K
  class space    used 9303K, committed 10368K, reserved 327680K
}
Event: 138.534 GC heap before
{Heap before GC invocations=16 (full 0):
 garbage-first heap   total reserved 524288K, committed 262144K, used 210944K [0x00000000e0000000, 0x0000000100000000)
  region size 1024K, 153 young (156672K), 11 survivors (11264K)
 Metaspace       used 65966K, committed 68160K, reserved 393216K
  class space    used 9308K, committed 10432K, reserved 327680K
}
Event: 138.551 GC heap after
{Heap after GC invocations=17 (full 0):
 garbage-first heap   total reserved 524288K, committed 262144K, used 68153K [0x00000000e0000000, 0x0000000100000000)
  region size 1024K, 12 young (12288K), 12 survivors (12288K)
 Metaspace       used 65966K, committed 68160K, reserved 393216K
  class space    used 9308K, committed 10432K, reserved 327680K
}
Event: 168.314 GC heap before
{Heap before GC invocations=18 (full 0):
 garbage-first heap   total reserved 524288K, committed 262144K, used 211513K [0x00000000e0000000, 0x0000000100000000)
  region size 1024K, 153 young (156672K), 12 survivors (12288K)
 Metaspace       used 66127K, committed 68352K, reserved 393216K
  class space    used 9313K, committed 10432K, reserved 327680K
}
Event: 168.380 GC heap after
{Heap after GC invocations=19 (full 0):
 garbage-first heap   total reserved 524288K, committed 262144K, used 63047K [0x00000000e0000000, 0x0000000100000000)
  region size 1024K, 7 young (7168K), 7 survivors (7168K)
 Metaspace       used 66127K, committed 68352K, reserved 393216K
  class space    used 9313K, committed 10432K, reserved 327680K
}

